<?xml version="1.0" encoding="UTF-8"?>
<testsuite xmlns:xsi="http://www.w3.org/2001/XMLSchema-instance" xsi:noNamespaceSchemaLocation="https://maven.apache.org/surefire/maven-surefire-plugin/xsd/surefire-test-report.xsd" name="com.easyms.sampleapp.api.ClientResourceTest" time="26.866" tests="3" errors="0" skipped="0" failures="0">
  <properties>
    <property name="gopherProxySet" value="false"/>
    <property name="awt.toolkit" value="sun.lwawt.macosx.LWCToolkit"/>
    <property name="java.specification.version" value="11"/>
    <property name="sun.cpu.isalist" value=""/>
    <property name="sun.jnu.encoding" value="UTF-8"/>
    <property name="java.class.path" value="/Users/anis/dev/workspace/easyms-open/easyms-sdk/easyms-secured-sample-ms/target/test-classes:/Users/anis/dev/workspace/easyms-open/easyms-sdk/easyms-secured-sample-ms/target/classes:/Users/anis/dev/workspace/easyms-open/easyms-sdk/easyms-secured-rest-starter/target/easyms-secured-rest-starter-1.0.0-SNAPSHOT.jar:/Users/anis/dev/workspace/easyms-open/easyms-sdk/easyms-rest-starter/target/easyms-rest-starter-1.0.0-SNAPSHOT.jar:/Users/anis/.m2/repository-default/org/springframework/spring-context/5.1.5.RELEASE/spring-context-5.1.5.RELEASE.jar:/Users/anis/.m2/repository-default/org/springframework/boot/spring-boot-starter-hateoas/2.1.3.RELEASE/spring-boot-starter-hateoas-2.1.3.RELEASE.jar:/Users/anis/.m2/repository-default/org/springframework/hateoas/spring-hateoas/0.25.1.RELEASE/spring-hateoas-0.25.1.RELEASE.jar:/Users/anis/.m2/repository-default/org/springframework/plugin/spring-plugin-core/1.2.0.RELEASE/spring-plugin-core-1.2.0.RELEASE.jar:/Users/anis/.m2/repository-default/org/springframework/boot/spring-boot-starter-validation/2.1.3.RELEASE/spring-boot-starter-validation-2.1.3.RELEASE.jar:/Users/anis/.m2/repository-default/org/apache/tomcat/embed/tomcat-embed-el/9.0.16/tomcat-embed-el-9.0.16.jar:/Users/anis/.m2/repository-default/org/springframework/boot/spring-boot-starter-actuator/2.1.3.RELEASE/spring-boot-starter-actuator-2.1.3.RELEASE.jar:/Users/anis/.m2/repository-default/org/springframework/boot/spring-boot-actuator-autoconfigure/2.1.3.RELEASE/spring-boot-actuator-autoconfigure-2.1.3.RELEASE.jar:/Users/anis/.m2/repository-default/io/micrometer/micrometer-core/1.1.3/micrometer-core-1.1.3.jar:/Users/anis/.m2/repository-default/org/hdrhistogram/HdrHistogram/2.1.9/HdrHistogram-2.1.9.jar:/Users/anis/.m2/repository-default/org/latencyutils/LatencyUtils/2.0.3/LatencyUtils-2.0.3.jar:/Users/anis/.m2/repository-default/org/springframework/boot/spring-boot-actuator/2.1.3.RELEASE/spring-boot-actuator-2.1.3.RELEASE.jar:/Users/anis/.m2/repository-default/org/springframework/cloud/spring-cloud-starter-config/2.1.1.RELEASE/spring-cloud-starter-config-2.1.1.RELEASE.jar:/Users/anis/.m2/repository-default/org/springframework/cloud/spring-cloud-starter/2.1.1.RELEASE/spring-cloud-starter-2.1.1.RELEASE.jar:/Users/anis/.m2/repository-default/org/springframework/cloud/spring-cloud-context/2.1.1.RELEASE/spring-cloud-context-2.1.1.RELEASE.jar:/Users/anis/.m2/repository-default/org/springframework/security/spring-security-rsa/1.0.7.RELEASE/spring-security-rsa-1.0.7.RELEASE.jar:/Users/anis/.m2/repository-default/org/springframework/cloud/spring-cloud-config-client/2.1.1.RELEASE/spring-cloud-config-client-2.1.1.RELEASE.jar:/Users/anis/.m2/repository-default/io/micrometer/micrometer-registry-jmx/1.1.3/micrometer-registry-jmx-1.1.3.jar:/Users/anis/.m2/repository-default/io/dropwizard/metrics/metrics-jmx/4.0.5/metrics-jmx-4.0.5.jar:/Users/anis/.m2/repository-default/io/dropwizard/metrics/metrics-core/4.0.5/metrics-core-4.0.5.jar:/Users/anis/.m2/repository-default/org/springframework/boot/spring-boot-starter-cache/2.1.3.RELEASE/spring-boot-starter-cache-2.1.3.RELEASE.jar:/Users/anis/.m2/repository-default/org/springframework/spring-context-support/5.1.5.RELEASE/spring-context-support-5.1.5.RELEASE.jar:/Users/anis/.m2/repository-default/org/springframework/cloud/spring-cloud-starter-zipkin/2.1.1.RELEASE/spring-cloud-starter-zipkin-2.1.1.RELEASE.jar:/Users/anis/.m2/repository-default/org/springframework/cloud/spring-cloud-starter-sleuth/2.1.1.RELEASE/spring-cloud-starter-sleuth-2.1.1.RELEASE.jar:/Users/anis/.m2/repository-default/org/springframework/cloud/spring-cloud-sleuth-core/2.1.1.RELEASE/spring-cloud-sleuth-core-2.1.1.RELEASE.jar:/Users/anis/.m2/repository-default/org/aspectj/aspectjrt/1.9.2/aspectjrt-1.9.2.jar:/Users/anis/.m2/repository-default/io/zipkin/brave/brave/5.6.1/brave-5.6.1.jar:/Users/anis/.m2/repository-default/io/zipkin/brave/brave-context-log4j2/5.6.1/brave-context-log4j2-5.6.1.jar:/Users/anis/.m2/repository-default/io/zipkin/brave/brave-instrumentation-spring-web/5.6.1/brave-instrumentation-spring-web-5.6.1.jar:/Users/anis/.m2/repository-default/io/zipkin/brave/brave-instrumentation-http/5.6.1/brave-instrumentation-http-5.6.1.jar:/Users/anis/.m2/repository-default/io/zipkin/brave/brave-instrumentation-spring-rabbit/5.6.1/brave-instrumentation-spring-rabbit-5.6.1.jar:/Users/anis/.m2/repository-default/io/zipkin/brave/brave-instrumentation-kafka-clients/5.6.1/brave-instrumentation-kafka-clients-5.6.1.jar:/Users/anis/.m2/repository-default/io/zipkin/brave/brave-instrumentation-httpclient/5.6.1/brave-instrumentation-httpclient-5.6.1.jar:/Users/anis/.m2/repository-default/io/zipkin/brave/brave-instrumentation-httpasyncclient/5.6.1/brave-instrumentation-httpasyncclient-5.6.1.jar:/Users/anis/.m2/repository-default/io/zipkin/brave/brave-instrumentation-spring-webmvc/5.6.1/brave-instrumentation-spring-webmvc-5.6.1.jar:/Users/anis/.m2/repository-default/io/zipkin/brave/brave-instrumentation-servlet/5.6.1/brave-instrumentation-servlet-5.6.1.jar:/Users/anis/.m2/repository-default/io/zipkin/brave/brave-instrumentation-jms/5.6.1/brave-instrumentation-jms-5.6.1.jar:/Users/anis/.m2/repository-default/org/springframework/cloud/spring-cloud-sleuth-zipkin/2.1.1.RELEASE/spring-cloud-sleuth-zipkin-2.1.1.RELEASE.jar:/Users/anis/.m2/repository-default/io/zipkin/zipkin2/zipkin/2.12.0/zipkin-2.12.0.jar:/Users/anis/.m2/repository-default/io/zipkin/reporter2/zipkin-reporter/2.7.14/zipkin-reporter-2.7.14.jar:/Users/anis/.m2/repository-default/io/zipkin/reporter2/zipkin-sender-kafka11/2.7.14/zipkin-sender-kafka11-2.7.14.jar:/Users/anis/.m2/repository-default/io/zipkin/reporter2/zipkin-sender-amqp-client/2.7.14/zipkin-sender-amqp-client-2.7.14.jar:/Users/anis/.m2/repository-default/org/springframework/cloud/spring-cloud-starter-openfeign/2.1.1.RELEASE/spring-cloud-starter-openfeign-2.1.1.RELEASE.jar:/Users/anis/.m2/repository-default/org/springframework/cloud/spring-cloud-openfeign-core/2.1.1.RELEASE/spring-cloud-openfeign-core-2.1.1.RELEASE.jar:/Users/anis/.m2/repository-default/org/springframework/cloud/spring-cloud-netflix-ribbon/2.1.1.RELEASE/spring-cloud-netflix-ribbon-2.1.1.RELEASE.jar:/Users/anis/.m2/repository-default/org/springframework/cloud/spring-cloud-netflix-archaius/2.1.1.RELEASE/spring-cloud-netflix-archaius-2.1.1.RELEASE.jar:/Users/anis/.m2/repository-default/io/github/openfeign/form/feign-form-spring/3.5.0/feign-form-spring-3.5.0.jar:/Users/anis/.m2/repository-default/io/github/openfeign/form/feign-form/3.5.0/feign-form-3.5.0.jar:/Users/anis/.m2/repository-default/commons-fileupload/commons-fileupload/1.3.3/commons-fileupload-1.3.3.jar:/Users/anis/.m2/repository-default/commons-io/commons-io/2.2/commons-io-2.2.jar:/Users/anis/.m2/repository-default/org/springframework/cloud/spring-cloud-commons/2.1.1.RELEASE/spring-cloud-commons-2.1.1.RELEASE.jar:/Users/anis/.m2/repository-default/org/springframework/security/spring-security-crypto/5.1.4.RELEASE/spring-security-crypto-5.1.4.RELEASE.jar:/Users/anis/.m2/repository-default/io/github/openfeign/feign-core/10.1.0/feign-core-10.1.0.jar:/Users/anis/.m2/repository-default/io/github/openfeign/feign-slf4j/10.1.0/feign-slf4j-10.1.0.jar:/Users/anis/.m2/repository-default/io/github/openfeign/feign-hystrix/10.1.0/feign-hystrix-10.1.0.jar:/Users/anis/.m2/repository-default/com/netflix/archaius/archaius-core/0.7.6/archaius-core-0.7.6.jar:/Users/anis/.m2/repository-default/commons-configuration/commons-configuration/1.8/commons-configuration-1.8.jar:/Users/anis/.m2/repository-default/commons-lang/commons-lang/2.6/commons-lang-2.6.jar:/Users/anis/.m2/repository-default/com/netflix/hystrix/hystrix-core/1.5.18/hystrix-core-1.5.18.jar:/Users/anis/.m2/repository-default/io/reactivex/rxjava/1.3.8/rxjava-1.3.8.jar:/Users/anis/.m2/repository-default/com/fasterxml/jackson/core/jackson-annotations/2.9.0/jackson-annotations-2.9.0.jar:/Users/anis/.m2/repository-default/com/fasterxml/jackson/core/jackson-core/2.9.8/jackson-core-2.9.8.jar:/Users/anis/.m2/repository-default/com/fasterxml/jackson/core/jackson-databind/2.9.8/jackson-databind-2.9.8.jar:/Users/anis/.m2/repository-default/com/fasterxml/jackson/datatype/jackson-datatype-joda/2.9.8/jackson-datatype-joda-2.9.8.jar:/Users/anis/.m2/repository-default/joda-time/joda-time/2.10.1/joda-time-2.10.1.jar:/Users/anis/.m2/repository-default/com/fasterxml/jackson/datatype/jackson-datatype-jsr310/2.9.8/jackson-datatype-jsr310-2.9.8.jar:/Users/anis/.m2/repository-default/de/codecentric/spring-boot-admin-starter-client/2.1.5/spring-boot-admin-starter-client-2.1.5.jar:/Users/anis/.m2/repository-default/de/codecentric/spring-boot-admin-client/2.1.5/spring-boot-admin-client-2.1.5.jar:/Users/anis/.m2/repository-default/org/jolokia/jolokia-core/1.6.0/jolokia-core-1.6.0.jar:/Users/anis/.m2/repository-default/com/googlecode/json-simple/json-simple/1.1.1/json-simple-1.1.1.jar:/Users/anis/.m2/repository-default/io/springfox/springfox-swagger-ui/2.9.2/springfox-swagger-ui-2.9.2.jar:/Users/anis/.m2/repository-default/io/springfox/springfox-spring-web/2.9.2/springfox-spring-web-2.9.2.jar:/Users/anis/.m2/repository-default/io/springfox/springfox-swagger2/2.9.2/springfox-swagger2-2.9.2.jar:/Users/anis/.m2/repository-default/io/swagger/swagger-annotations/1.5.20/swagger-annotations-1.5.20.jar:/Users/anis/.m2/repository-default/io/swagger/swagger-models/1.5.20/swagger-models-1.5.20.jar:/Users/anis/.m2/repository-default/io/springfox/springfox-spi/2.9.2/springfox-spi-2.9.2.jar:/Users/anis/.m2/repository-default/io/springfox/springfox-core/2.9.2/springfox-core-2.9.2.jar:/Users/anis/.m2/repository-default/io/springfox/springfox-schema/2.9.2/springfox-schema-2.9.2.jar:/Users/anis/.m2/repository-default/io/springfox/springfox-swagger-common/2.9.2/springfox-swagger-common-2.9.2.jar:/Users/anis/.m2/repository-default/org/springframework/plugin/spring-plugin-metadata/1.2.0.RELEASE/spring-plugin-metadata-1.2.0.RELEASE.jar:/Users/anis/.m2/repository-default/org/mapstruct/mapstruct/1.2.0.Final/mapstruct-1.2.0.Final.jar:/Users/anis/.m2/repository-default/org/apache/httpcomponents/httpclient/4.5.7/httpclient-4.5.7.jar:/Users/anis/.m2/repository-default/org/apache/httpcomponents/httpcore/4.4.11/httpcore-4.4.11.jar:/Users/anis/.m2/repository-default/org/apache/httpcomponents/httpclient-cache/4.5.7/httpclient-cache-4.5.7.jar:/Users/anis/.m2/repository-default/commons-logging/commons-logging/1.2/commons-logging-1.2.jar:/Users/anis/.m2/repository-default/ch/qos/logback/logback-access/1.2.3/logback-access-1.2.3.jar:/Users/anis/.m2/repository-default/net/logstash/logback/logstash-logback-encoder/6.0/logstash-logback-encoder-6.0.jar:/Users/anis/.m2/repository-default/org/springframework/security/oauth/spring-security-oauth2/2.3.6.RELEASE/spring-security-oauth2-2.3.6.RELEASE.jar:/Users/anis/.m2/repository-default/org/springframework/spring-beans/5.1.5.RELEASE/spring-beans-5.1.5.RELEASE.jar:/Users/anis/.m2/repository-default/org/springframework/spring-webmvc/5.1.5.RELEASE/spring-webmvc-5.1.5.RELEASE.jar:/Users/anis/.m2/repository-default/org/springframework/security/spring-security-config/5.1.4.RELEASE/spring-security-config-5.1.4.RELEASE.jar:/Users/anis/.m2/repository-default/commons-codec/commons-codec/1.11/commons-codec-1.11.jar:/Users/anis/.m2/repository-default/org/codehaus/jackson/jackson-mapper-asl/1.9.13/jackson-mapper-asl-1.9.13.jar:/Users/anis/.m2/repository-default/org/codehaus/jackson/jackson-core-asl/1.9.13/jackson-core-asl-1.9.13.jar:/Users/anis/.m2/repository-default/org/springframework/cloud/spring-cloud-starter-oauth2/2.1.2.RELEASE/spring-cloud-starter-oauth2-2.1.2.RELEASE.jar:/Users/anis/.m2/repository-default/org/springframework/cloud/spring-cloud-starter-security/2.1.2.RELEASE/spring-cloud-starter-security-2.1.2.RELEASE.jar:/Users/anis/.m2/repository-default/org/springframework/cloud/spring-cloud-security/2.1.2.RELEASE/spring-cloud-security-2.1.2.RELEASE.jar:/Users/anis/.m2/repository-default/org/springframework/boot/spring-boot-starter-security/2.1.3.RELEASE/spring-boot-starter-security-2.1.3.RELEASE.jar:/Users/anis/.m2/repository-default/org/springframework/security/oauth/boot/spring-security-oauth2-autoconfigure/2.1.2.RELEASE/spring-security-oauth2-autoconfigure-2.1.2.RELEASE.jar:/Users/anis/.m2/repository-default/com/sun/xml/bind/jaxb-core/2.3.0.1/jaxb-core-2.3.0.1.jar:/Users/anis/.m2/repository-default/com/sun/xml/bind/jaxb-impl/2.3.0.1/jaxb-impl-2.3.0.1.jar:/Users/anis/.m2/repository-default/org/springframework/security/spring-security-jwt/1.0.9.RELEASE/spring-security-jwt-1.0.9.RELEASE.jar:/Users/anis/.m2/repository-default/org/bouncycastle/bcpkix-jdk15on/1.56/bcpkix-jdk15on-1.56.jar:/Users/anis/.m2/repository-default/org/bouncycastle/bcprov-jdk15on/1.56/bcprov-jdk15on-1.56.jar:/Users/anis/.m2/repository-default/org/springframework/boot/spring-boot-starter-data-jpa/2.1.3.RELEASE/spring-boot-starter-data-jpa-2.1.3.RELEASE.jar:/Users/anis/.m2/repository-default/org/springframework/boot/spring-boot-starter-aop/2.1.3.RELEASE/spring-boot-starter-aop-2.1.3.RELEASE.jar:/Users/anis/.m2/repository-default/org/springframework/spring-aop/5.1.5.RELEASE/spring-aop-5.1.5.RELEASE.jar:/Users/anis/.m2/repository-default/org/aspectj/aspectjweaver/1.9.2/aspectjweaver-1.9.2.jar:/Users/anis/.m2/repository-default/org/springframework/boot/spring-boot-starter-jdbc/2.1.3.RELEASE/spring-boot-starter-jdbc-2.1.3.RELEASE.jar:/Users/anis/.m2/repository-default/com/zaxxer/HikariCP/3.2.0/HikariCP-3.2.0.jar:/Users/anis/.m2/repository-default/org/springframework/spring-jdbc/5.1.5.RELEASE/spring-jdbc-5.1.5.RELEASE.jar:/Users/anis/.m2/repository-default/javax/transaction/javax.transaction-api/1.3/javax.transaction-api-1.3.jar:/Users/anis/.m2/repository-default/org/hibernate/hibernate-core/5.3.7.Final/hibernate-core-5.3.7.Final.jar:/Users/anis/.m2/repository-default/org/jboss/logging/jboss-logging/3.3.2.Final/jboss-logging-3.3.2.Final.jar:/Users/anis/.m2/repository-default/javax/persistence/javax.persistence-api/2.2/javax.persistence-api-2.2.jar:/Users/anis/.m2/repository-default/org/javassist/javassist/3.23.1-GA/javassist-3.23.1-GA.jar:/Users/anis/.m2/repository-default/net/bytebuddy/byte-buddy/1.9.10/byte-buddy-1.9.10.jar:/Users/anis/.m2/repository-default/antlr/antlr/2.7.7/antlr-2.7.7.jar:/Users/anis/.m2/repository-default/org/jboss/jandex/2.0.5.Final/jandex-2.0.5.Final.jar:/Users/anis/.m2/repository-default/com/fasterxml/classmate/1.4.0/classmate-1.4.0.jar:/Users/anis/.m2/repository-default/org/dom4j/dom4j/2.1.1/dom4j-2.1.1.jar:/Users/anis/.m2/repository-default/org/hibernate/common/hibernate-commons-annotations/5.0.4.Final/hibernate-commons-annotations-5.0.4.Final.jar:/Users/anis/.m2/repository-default/org/springframework/data/spring-data-jpa/2.1.5.RELEASE/spring-data-jpa-2.1.5.RELEASE.jar:/Users/anis/.m2/repository-default/org/springframework/data/spring-data-commons/2.1.5.RELEASE/spring-data-commons-2.1.5.RELEASE.jar:/Users/anis/.m2/repository-default/org/springframework/spring-orm/5.1.5.RELEASE/spring-orm-5.1.5.RELEASE.jar:/Users/anis/.m2/repository-default/org/springframework/spring-tx/5.1.5.RELEASE/spring-tx-5.1.5.RELEASE.jar:/Users/anis/.m2/repository-default/org/springframework/spring-aspects/5.1.5.RELEASE/spring-aspects-5.1.5.RELEASE.jar:/Users/anis/.m2/repository-default/org/liquibase/liquibase-core/3.6.3/liquibase-core-3.6.3.jar:/Users/anis/.m2/repository-default/org/yaml/snakeyaml/1.23/snakeyaml-1.23.jar:/Users/anis/.m2/repository-default/com/h2database/h2/1.4.197/h2-1.4.197.jar:/Users/anis/.m2/repository-default/org/springframework/security/spring-security-test/4.2.7.RELEASE/spring-security-test-4.2.7.RELEASE.jar:/Users/anis/.m2/repository-default/org/springframework/security/spring-security-core/5.1.4.RELEASE/spring-security-core-5.1.4.RELEASE.jar:/Users/anis/.m2/repository-default/org/springframework/spring-expression/5.1.5.RELEASE/spring-expression-5.1.5.RELEASE.jar:/Users/anis/.m2/repository-default/org/springframework/security/spring-security-web/5.1.4.RELEASE/spring-security-web-5.1.4.RELEASE.jar:/Users/anis/.m2/repository-default/org/springframework/spring-web/5.1.5.RELEASE/spring-web-5.1.5.RELEASE.jar:/Users/anis/.m2/repository-default/org/springframework/spring-core/5.1.5.RELEASE/spring-core-5.1.5.RELEASE.jar:/Users/anis/.m2/repository-default/org/springframework/spring-jcl/5.1.5.RELEASE/spring-jcl-5.1.5.RELEASE.jar:/Users/anis/.m2/repository-default/org/springframework/spring-test/5.1.5.RELEASE/spring-test-5.1.5.RELEASE.jar:/Users/anis/dev/workspace/easyms-open/easyms-sdk/easyms-test/target/easyms-test-1.0.0-SNAPSHOT.jar:/Users/anis/.m2/repository-default/org/springframework/boot/spring-boot-starter-web/2.1.3.RELEASE/spring-boot-starter-web-2.1.3.RELEASE.jar:/Users/anis/.m2/repository-default/org/springframework/boot/spring-boot-starter-json/2.1.3.RELEASE/spring-boot-starter-json-2.1.3.RELEASE.jar:/Users/anis/.m2/repository-default/com/fasterxml/jackson/datatype/jackson-datatype-jdk8/2.9.8/jackson-datatype-jdk8-2.9.8.jar:/Users/anis/.m2/repository-default/com/fasterxml/jackson/module/jackson-module-parameter-names/2.9.8/jackson-module-parameter-names-2.9.8.jar:/Users/anis/.m2/repository-default/org/springframework/boot/spring-boot-starter-tomcat/2.1.3.RELEASE/spring-boot-starter-tomcat-2.1.3.RELEASE.jar:/Users/anis/.m2/repository-default/org/apache/tomcat/embed/tomcat-embed-core/9.0.16/tomcat-embed-core-9.0.16.jar:/Users/anis/.m2/repository-default/org/apache/tomcat/embed/tomcat-embed-websocket/9.0.16/tomcat-embed-websocket-9.0.16.jar:/Users/anis/.m2/repository-default/org/hibernate/validator/hibernate-validator/6.0.14.Final/hibernate-validator-6.0.14.Final.jar:/Users/anis/.m2/repository-default/javax/validation/validation-api/2.0.1.Final/validation-api-2.0.1.Final.jar:/Users/anis/.m2/repository-default/javax/annotation/javax.annotation-api/1.3.2/javax.annotation-api-1.3.2.jar:/Users/anis/.m2/repository-default/javax/xml/bind/jaxb-api/2.4.0-b180725.0427/jaxb-api-2.4.0-b180725.0427.jar:/Users/anis/.m2/repository-default/javax/activation/javax.activation-api/1.2.0/javax.activation-api-1.2.0.jar:/Users/anis/.m2/repository-default/org/glassfish/jaxb/jaxb-runtime/2.4.0-b180725.0644/jaxb-runtime-2.4.0-b180725.0644.jar:/Users/anis/.m2/repository-default/org/glassfish/jaxb/txw2/2.4.0-b180725.0644/txw2-2.4.0-b180725.0644.jar:/Users/anis/.m2/repository-default/com/sun/istack/istack-commons-runtime/3.0.6/istack-commons-runtime-3.0.6.jar:/Users/anis/.m2/repository-default/org/jvnet/staxex/stax-ex/1.8/stax-ex-1.8.jar:/Users/anis/.m2/repository-default/com/sun/xml/fastinfoset/FastInfoset/1.2.14/FastInfoset-1.2.14.jar:/Users/anis/.m2/repository-default/ch/qos/logback/logback-classic/1.2.3/logback-classic-1.2.3.jar:/Users/anis/.m2/repository-default/ch/qos/logback/logback-core/1.2.3/logback-core-1.2.3.jar:/Users/anis/.m2/repository-default/org/slf4j/jcl-over-slf4j/1.7.25/jcl-over-slf4j-1.7.25.jar:/Users/anis/.m2/repository-default/org/slf4j/log4j-over-slf4j/1.7.25/log4j-over-slf4j-1.7.25.jar:/Users/anis/.m2/repository-default/org/slf4j/slf4j-api/1.7.25/slf4j-api-1.7.25.jar:/Users/anis/.m2/repository-default/com/google/guava/guava/28.0-jre/guava-28.0-jre.jar:/Users/anis/.m2/repository-default/com/google/guava/failureaccess/1.0.1/failureaccess-1.0.1.jar:/Users/anis/.m2/repository-default/com/google/guava/listenablefuture/9999.0-empty-to-avoid-conflict-with-guava/listenablefuture-9999.0-empty-to-avoid-conflict-with-guava.jar:/Users/anis/.m2/repository-default/com/google/code/findbugs/jsr305/3.0.2/jsr305-3.0.2.jar:/Users/anis/.m2/repository-default/org/checkerframework/checker-qual/2.8.1/checker-qual-2.8.1.jar:/Users/anis/.m2/repository-default/com/google/errorprone/error_prone_annotations/2.3.2/error_prone_annotations-2.3.2.jar:/Users/anis/.m2/repository-default/com/google/j2objc/j2objc-annotations/1.3/j2objc-annotations-1.3.jar:/Users/anis/.m2/repository-default/org/codehaus/mojo/animal-sniffer-annotations/1.17/animal-sniffer-annotations-1.17.jar:/Users/anis/.m2/repository-default/javax/inject/javax.inject/1/javax.inject-1.jar:/Users/anis/.m2/repository-default/org/projectlombok/lombok/1.18.6/lombok-1.18.6.jar:/Users/anis/.m2/repository-default/org/apache/commons/commons-lang3/3.8.1/commons-lang3-3.8.1.jar:/Users/anis/.m2/repository-default/org/apache/commons/commons-collections4/4.3/commons-collections4-4.3.jar:/Users/anis/.m2/repository-default/com/google/code/gson/gson/2.8.5/gson-2.8.5.jar:/Users/anis/.m2/repository-default/org/springframework/boot/spring-boot-starter-test/2.1.3.RELEASE/spring-boot-starter-test-2.1.3.RELEASE.jar:/Users/anis/.m2/repository-default/org/springframework/boot/spring-boot-starter/2.1.3.RELEASE/spring-boot-starter-2.1.3.RELEASE.jar:/Users/anis/.m2/repository-default/org/springframework/boot/spring-boot/2.1.3.RELEASE/spring-boot-2.1.3.RELEASE.jar:/Users/anis/.m2/repository-default/org/springframework/boot/spring-boot-autoconfigure/2.1.3.RELEASE/spring-boot-autoconfigure-2.1.3.RELEASE.jar:/Users/anis/.m2/repository-default/org/springframework/boot/spring-boot-starter-logging/2.1.3.RELEASE/spring-boot-starter-logging-2.1.3.RELEASE.jar:/Users/anis/.m2/repository-default/org/apache/logging/log4j/log4j-to-slf4j/2.11.2/log4j-to-slf4j-2.11.2.jar:/Users/anis/.m2/repository-default/org/apache/logging/log4j/log4j-api/2.11.2/log4j-api-2.11.2.jar:/Users/anis/.m2/repository-default/org/slf4j/jul-to-slf4j/1.7.25/jul-to-slf4j-1.7.25.jar:/Users/anis/.m2/repository-default/org/springframework/boot/spring-boot-test/2.1.3.RELEASE/spring-boot-test-2.1.3.RELEASE.jar:/Users/anis/.m2/repository-default/org/springframework/boot/spring-boot-test-autoconfigure/2.1.3.RELEASE/spring-boot-test-autoconfigure-2.1.3.RELEASE.jar:/Users/anis/.m2/repository-default/com/jayway/jsonpath/json-path/2.4.0/json-path-2.4.0.jar:/Users/anis/.m2/repository-default/net/minidev/json-smart/2.3/json-smart-2.3.jar:/Users/anis/.m2/repository-default/net/minidev/accessors-smart/1.2/accessors-smart-1.2.jar:/Users/anis/.m2/repository-default/org/ow2/asm/asm/5.0.4/asm-5.0.4.jar:/Users/anis/.m2/repository-default/org/assertj/assertj-core/3.11.1/assertj-core-3.11.1.jar:/Users/anis/.m2/repository-default/org/mockito/mockito-core/2.23.4/mockito-core-2.23.4.jar:/Users/anis/.m2/repository-default/net/bytebuddy/byte-buddy-agent/1.9.10/byte-buddy-agent-1.9.10.jar:/Users/anis/.m2/repository-default/org/objenesis/objenesis/2.6/objenesis-2.6.jar:/Users/anis/.m2/repository-default/org/hamcrest/hamcrest-core/1.3/hamcrest-core-1.3.jar:/Users/anis/.m2/repository-default/org/hamcrest/hamcrest-library/1.3/hamcrest-library-1.3.jar:/Users/anis/.m2/repository-default/org/skyscreamer/jsonassert/1.5.0/jsonassert-1.5.0.jar:/Users/anis/.m2/repository-default/com/vaadin/external/google/android-json/0.0.20131108.vaadin1/android-json-0.0.20131108.vaadin1.jar:/Users/anis/.m2/repository-default/org/xmlunit/xmlunit-core/2.6.2/xmlunit-core-2.6.2.jar:/Users/anis/.m2/repository-default/org/junit/jupiter/junit-jupiter-engine/5.3.2/junit-jupiter-engine-5.3.2.jar:/Users/anis/.m2/repository-default/org/apiguardian/apiguardian-api/1.0.0/apiguardian-api-1.0.0.jar:/Users/anis/.m2/repository-default/org/junit/platform/junit-platform-engine/1.3.2/junit-platform-engine-1.3.2.jar:/Users/anis/.m2/repository-default/org/junit/platform/junit-platform-commons/1.3.2/junit-platform-commons-1.3.2.jar:/Users/anis/.m2/repository-default/org/opentest4j/opentest4j/1.1.1/opentest4j-1.1.1.jar:/Users/anis/.m2/repository-default/org/junit/jupiter/junit-jupiter-api/5.3.2/junit-jupiter-api-5.3.2.jar:"/>
    <property name="java.vm.vendor" value="Oracle Corporation"/>
    <property name="sun.arch.data.model" value="64"/>
    <property name="java.vendor.url" value="http://java.oracle.com/"/>
    <property name="user.timezone" value=""/>
    <property name="java.vm.specification.version" value="11"/>
    <property name="os.name" value="Mac OS X"/>
    <property name="sun.java.launcher" value="SUN_STANDARD"/>
    <property name="user.country" value="FR"/>
    <property name="sun.boot.library.path" value="/Library/Java/JavaVirtualMachines/jdk-11.0.6.jdk/Contents/Home/lib"/>
    <property name="sun.java.command" value="/Users/anis/dev/workspace/easyms-open/easyms-sdk/easyms-secured-sample-ms/target/surefire/surefirebooter6620291665289159882.jar /Users/anis/dev/workspace/easyms-open/easyms-sdk/easyms-secured-sample-ms/target/surefire 2020-03-01T13-49-21_089-jvmRun1 surefire431131381602130549tmp surefire_09599987680520095966tmp"/>
    <property name="http.nonProxyHosts" value="local|*.local|169.254/16|*.169.254/16"/>
    <property name="jdk.debug" value="release"/>
    <property name="surefire.test.class.path" value="/Users/anis/dev/workspace/easyms-open/easyms-sdk/easyms-secured-sample-ms/target/test-classes:/Users/anis/dev/workspace/easyms-open/easyms-sdk/easyms-secured-sample-ms/target/classes:/Users/anis/dev/workspace/easyms-open/easyms-sdk/easyms-secured-rest-starter/target/easyms-secured-rest-starter-1.0.0-SNAPSHOT.jar:/Users/anis/dev/workspace/easyms-open/easyms-sdk/easyms-rest-starter/target/easyms-rest-starter-1.0.0-SNAPSHOT.jar:/Users/anis/.m2/repository-default/org/springframework/spring-context/5.1.5.RELEASE/spring-context-5.1.5.RELEASE.jar:/Users/anis/.m2/repository-default/org/springframework/boot/spring-boot-starter-hateoas/2.1.3.RELEASE/spring-boot-starter-hateoas-2.1.3.RELEASE.jar:/Users/anis/.m2/repository-default/org/springframework/hateoas/spring-hateoas/0.25.1.RELEASE/spring-hateoas-0.25.1.RELEASE.jar:/Users/anis/.m2/repository-default/org/springframework/plugin/spring-plugin-core/1.2.0.RELEASE/spring-plugin-core-1.2.0.RELEASE.jar:/Users/anis/.m2/repository-default/org/springframework/boot/spring-boot-starter-validation/2.1.3.RELEASE/spring-boot-starter-validation-2.1.3.RELEASE.jar:/Users/anis/.m2/repository-default/org/apache/tomcat/embed/tomcat-embed-el/9.0.16/tomcat-embed-el-9.0.16.jar:/Users/anis/.m2/repository-default/org/springframework/boot/spring-boot-starter-actuator/2.1.3.RELEASE/spring-boot-starter-actuator-2.1.3.RELEASE.jar:/Users/anis/.m2/repository-default/org/springframework/boot/spring-boot-actuator-autoconfigure/2.1.3.RELEASE/spring-boot-actuator-autoconfigure-2.1.3.RELEASE.jar:/Users/anis/.m2/repository-default/io/micrometer/micrometer-core/1.1.3/micrometer-core-1.1.3.jar:/Users/anis/.m2/repository-default/org/hdrhistogram/HdrHistogram/2.1.9/HdrHistogram-2.1.9.jar:/Users/anis/.m2/repository-default/org/latencyutils/LatencyUtils/2.0.3/LatencyUtils-2.0.3.jar:/Users/anis/.m2/repository-default/org/springframework/boot/spring-boot-actuator/2.1.3.RELEASE/spring-boot-actuator-2.1.3.RELEASE.jar:/Users/anis/.m2/repository-default/org/springframework/cloud/spring-cloud-starter-config/2.1.1.RELEASE/spring-cloud-starter-config-2.1.1.RELEASE.jar:/Users/anis/.m2/repository-default/org/springframework/cloud/spring-cloud-starter/2.1.1.RELEASE/spring-cloud-starter-2.1.1.RELEASE.jar:/Users/anis/.m2/repository-default/org/springframework/cloud/spring-cloud-context/2.1.1.RELEASE/spring-cloud-context-2.1.1.RELEASE.jar:/Users/anis/.m2/repository-default/org/springframework/security/spring-security-rsa/1.0.7.RELEASE/spring-security-rsa-1.0.7.RELEASE.jar:/Users/anis/.m2/repository-default/org/springframework/cloud/spring-cloud-config-client/2.1.1.RELEASE/spring-cloud-config-client-2.1.1.RELEASE.jar:/Users/anis/.m2/repository-default/io/micrometer/micrometer-registry-jmx/1.1.3/micrometer-registry-jmx-1.1.3.jar:/Users/anis/.m2/repository-default/io/dropwizard/metrics/metrics-jmx/4.0.5/metrics-jmx-4.0.5.jar:/Users/anis/.m2/repository-default/io/dropwizard/metrics/metrics-core/4.0.5/metrics-core-4.0.5.jar:/Users/anis/.m2/repository-default/org/springframework/boot/spring-boot-starter-cache/2.1.3.RELEASE/spring-boot-starter-cache-2.1.3.RELEASE.jar:/Users/anis/.m2/repository-default/org/springframework/spring-context-support/5.1.5.RELEASE/spring-context-support-5.1.5.RELEASE.jar:/Users/anis/.m2/repository-default/org/springframework/cloud/spring-cloud-starter-zipkin/2.1.1.RELEASE/spring-cloud-starter-zipkin-2.1.1.RELEASE.jar:/Users/anis/.m2/repository-default/org/springframework/cloud/spring-cloud-starter-sleuth/2.1.1.RELEASE/spring-cloud-starter-sleuth-2.1.1.RELEASE.jar:/Users/anis/.m2/repository-default/org/springframework/cloud/spring-cloud-sleuth-core/2.1.1.RELEASE/spring-cloud-sleuth-core-2.1.1.RELEASE.jar:/Users/anis/.m2/repository-default/org/aspectj/aspectjrt/1.9.2/aspectjrt-1.9.2.jar:/Users/anis/.m2/repository-default/io/zipkin/brave/brave/5.6.1/brave-5.6.1.jar:/Users/anis/.m2/repository-default/io/zipkin/brave/brave-context-log4j2/5.6.1/brave-context-log4j2-5.6.1.jar:/Users/anis/.m2/repository-default/io/zipkin/brave/brave-instrumentation-spring-web/5.6.1/brave-instrumentation-spring-web-5.6.1.jar:/Users/anis/.m2/repository-default/io/zipkin/brave/brave-instrumentation-http/5.6.1/brave-instrumentation-http-5.6.1.jar:/Users/anis/.m2/repository-default/io/zipkin/brave/brave-instrumentation-spring-rabbit/5.6.1/brave-instrumentation-spring-rabbit-5.6.1.jar:/Users/anis/.m2/repository-default/io/zipkin/brave/brave-instrumentation-kafka-clients/5.6.1/brave-instrumentation-kafka-clients-5.6.1.jar:/Users/anis/.m2/repository-default/io/zipkin/brave/brave-instrumentation-httpclient/5.6.1/brave-instrumentation-httpclient-5.6.1.jar:/Users/anis/.m2/repository-default/io/zipkin/brave/brave-instrumentation-httpasyncclient/5.6.1/brave-instrumentation-httpasyncclient-5.6.1.jar:/Users/anis/.m2/repository-default/io/zipkin/brave/brave-instrumentation-spring-webmvc/5.6.1/brave-instrumentation-spring-webmvc-5.6.1.jar:/Users/anis/.m2/repository-default/io/zipkin/brave/brave-instrumentation-servlet/5.6.1/brave-instrumentation-servlet-5.6.1.jar:/Users/anis/.m2/repository-default/io/zipkin/brave/brave-instrumentation-jms/5.6.1/brave-instrumentation-jms-5.6.1.jar:/Users/anis/.m2/repository-default/org/springframework/cloud/spring-cloud-sleuth-zipkin/2.1.1.RELEASE/spring-cloud-sleuth-zipkin-2.1.1.RELEASE.jar:/Users/anis/.m2/repository-default/io/zipkin/zipkin2/zipkin/2.12.0/zipkin-2.12.0.jar:/Users/anis/.m2/repository-default/io/zipkin/reporter2/zipkin-reporter/2.7.14/zipkin-reporter-2.7.14.jar:/Users/anis/.m2/repository-default/io/zipkin/reporter2/zipkin-sender-kafka11/2.7.14/zipkin-sender-kafka11-2.7.14.jar:/Users/anis/.m2/repository-default/io/zipkin/reporter2/zipkin-sender-amqp-client/2.7.14/zipkin-sender-amqp-client-2.7.14.jar:/Users/anis/.m2/repository-default/org/springframework/cloud/spring-cloud-starter-openfeign/2.1.1.RELEASE/spring-cloud-starter-openfeign-2.1.1.RELEASE.jar:/Users/anis/.m2/repository-default/org/springframework/cloud/spring-cloud-openfeign-core/2.1.1.RELEASE/spring-cloud-openfeign-core-2.1.1.RELEASE.jar:/Users/anis/.m2/repository-default/org/springframework/cloud/spring-cloud-netflix-ribbon/2.1.1.RELEASE/spring-cloud-netflix-ribbon-2.1.1.RELEASE.jar:/Users/anis/.m2/repository-default/org/springframework/cloud/spring-cloud-netflix-archaius/2.1.1.RELEASE/spring-cloud-netflix-archaius-2.1.1.RELEASE.jar:/Users/anis/.m2/repository-default/io/github/openfeign/form/feign-form-spring/3.5.0/feign-form-spring-3.5.0.jar:/Users/anis/.m2/repository-default/io/github/openfeign/form/feign-form/3.5.0/feign-form-3.5.0.jar:/Users/anis/.m2/repository-default/commons-fileupload/commons-fileupload/1.3.3/commons-fileupload-1.3.3.jar:/Users/anis/.m2/repository-default/commons-io/commons-io/2.2/commons-io-2.2.jar:/Users/anis/.m2/repository-default/org/springframework/cloud/spring-cloud-commons/2.1.1.RELEASE/spring-cloud-commons-2.1.1.RELEASE.jar:/Users/anis/.m2/repository-default/org/springframework/security/spring-security-crypto/5.1.4.RELEASE/spring-security-crypto-5.1.4.RELEASE.jar:/Users/anis/.m2/repository-default/io/github/openfeign/feign-core/10.1.0/feign-core-10.1.0.jar:/Users/anis/.m2/repository-default/io/github/openfeign/feign-slf4j/10.1.0/feign-slf4j-10.1.0.jar:/Users/anis/.m2/repository-default/io/github/openfeign/feign-hystrix/10.1.0/feign-hystrix-10.1.0.jar:/Users/anis/.m2/repository-default/com/netflix/archaius/archaius-core/0.7.6/archaius-core-0.7.6.jar:/Users/anis/.m2/repository-default/commons-configuration/commons-configuration/1.8/commons-configuration-1.8.jar:/Users/anis/.m2/repository-default/commons-lang/commons-lang/2.6/commons-lang-2.6.jar:/Users/anis/.m2/repository-default/com/netflix/hystrix/hystrix-core/1.5.18/hystrix-core-1.5.18.jar:/Users/anis/.m2/repository-default/io/reactivex/rxjava/1.3.8/rxjava-1.3.8.jar:/Users/anis/.m2/repository-default/com/fasterxml/jackson/core/jackson-annotations/2.9.0/jackson-annotations-2.9.0.jar:/Users/anis/.m2/repository-default/com/fasterxml/jackson/core/jackson-core/2.9.8/jackson-core-2.9.8.jar:/Users/anis/.m2/repository-default/com/fasterxml/jackson/core/jackson-databind/2.9.8/jackson-databind-2.9.8.jar:/Users/anis/.m2/repository-default/com/fasterxml/jackson/datatype/jackson-datatype-joda/2.9.8/jackson-datatype-joda-2.9.8.jar:/Users/anis/.m2/repository-default/joda-time/joda-time/2.10.1/joda-time-2.10.1.jar:/Users/anis/.m2/repository-default/com/fasterxml/jackson/datatype/jackson-datatype-jsr310/2.9.8/jackson-datatype-jsr310-2.9.8.jar:/Users/anis/.m2/repository-default/de/codecentric/spring-boot-admin-starter-client/2.1.5/spring-boot-admin-starter-client-2.1.5.jar:/Users/anis/.m2/repository-default/de/codecentric/spring-boot-admin-client/2.1.5/spring-boot-admin-client-2.1.5.jar:/Users/anis/.m2/repository-default/org/jolokia/jolokia-core/1.6.0/jolokia-core-1.6.0.jar:/Users/anis/.m2/repository-default/com/googlecode/json-simple/json-simple/1.1.1/json-simple-1.1.1.jar:/Users/anis/.m2/repository-default/io/springfox/springfox-swagger-ui/2.9.2/springfox-swagger-ui-2.9.2.jar:/Users/anis/.m2/repository-default/io/springfox/springfox-spring-web/2.9.2/springfox-spring-web-2.9.2.jar:/Users/anis/.m2/repository-default/io/springfox/springfox-swagger2/2.9.2/springfox-swagger2-2.9.2.jar:/Users/anis/.m2/repository-default/io/swagger/swagger-annotations/1.5.20/swagger-annotations-1.5.20.jar:/Users/anis/.m2/repository-default/io/swagger/swagger-models/1.5.20/swagger-models-1.5.20.jar:/Users/anis/.m2/repository-default/io/springfox/springfox-spi/2.9.2/springfox-spi-2.9.2.jar:/Users/anis/.m2/repository-default/io/springfox/springfox-core/2.9.2/springfox-core-2.9.2.jar:/Users/anis/.m2/repository-default/io/springfox/springfox-schema/2.9.2/springfox-schema-2.9.2.jar:/Users/anis/.m2/repository-default/io/springfox/springfox-swagger-common/2.9.2/springfox-swagger-common-2.9.2.jar:/Users/anis/.m2/repository-default/org/springframework/plugin/spring-plugin-metadata/1.2.0.RELEASE/spring-plugin-metadata-1.2.0.RELEASE.jar:/Users/anis/.m2/repository-default/org/mapstruct/mapstruct/1.2.0.Final/mapstruct-1.2.0.Final.jar:/Users/anis/.m2/repository-default/org/apache/httpcomponents/httpclient/4.5.7/httpclient-4.5.7.jar:/Users/anis/.m2/repository-default/org/apache/httpcomponents/httpcore/4.4.11/httpcore-4.4.11.jar:/Users/anis/.m2/repository-default/org/apache/httpcomponents/httpclient-cache/4.5.7/httpclient-cache-4.5.7.jar:/Users/anis/.m2/repository-default/commons-logging/commons-logging/1.2/commons-logging-1.2.jar:/Users/anis/.m2/repository-default/ch/qos/logback/logback-access/1.2.3/logback-access-1.2.3.jar:/Users/anis/.m2/repository-default/net/logstash/logback/logstash-logback-encoder/6.0/logstash-logback-encoder-6.0.jar:/Users/anis/.m2/repository-default/org/springframework/security/oauth/spring-security-oauth2/2.3.6.RELEASE/spring-security-oauth2-2.3.6.RELEASE.jar:/Users/anis/.m2/repository-default/org/springframework/spring-beans/5.1.5.RELEASE/spring-beans-5.1.5.RELEASE.jar:/Users/anis/.m2/repository-default/org/springframework/spring-webmvc/5.1.5.RELEASE/spring-webmvc-5.1.5.RELEASE.jar:/Users/anis/.m2/repository-default/org/springframework/security/spring-security-config/5.1.4.RELEASE/spring-security-config-5.1.4.RELEASE.jar:/Users/anis/.m2/repository-default/commons-codec/commons-codec/1.11/commons-codec-1.11.jar:/Users/anis/.m2/repository-default/org/codehaus/jackson/jackson-mapper-asl/1.9.13/jackson-mapper-asl-1.9.13.jar:/Users/anis/.m2/repository-default/org/codehaus/jackson/jackson-core-asl/1.9.13/jackson-core-asl-1.9.13.jar:/Users/anis/.m2/repository-default/org/springframework/cloud/spring-cloud-starter-oauth2/2.1.2.RELEASE/spring-cloud-starter-oauth2-2.1.2.RELEASE.jar:/Users/anis/.m2/repository-default/org/springframework/cloud/spring-cloud-starter-security/2.1.2.RELEASE/spring-cloud-starter-security-2.1.2.RELEASE.jar:/Users/anis/.m2/repository-default/org/springframework/cloud/spring-cloud-security/2.1.2.RELEASE/spring-cloud-security-2.1.2.RELEASE.jar:/Users/anis/.m2/repository-default/org/springframework/boot/spring-boot-starter-security/2.1.3.RELEASE/spring-boot-starter-security-2.1.3.RELEASE.jar:/Users/anis/.m2/repository-default/org/springframework/security/oauth/boot/spring-security-oauth2-autoconfigure/2.1.2.RELEASE/spring-security-oauth2-autoconfigure-2.1.2.RELEASE.jar:/Users/anis/.m2/repository-default/com/sun/xml/bind/jaxb-core/2.3.0.1/jaxb-core-2.3.0.1.jar:/Users/anis/.m2/repository-default/com/sun/xml/bind/jaxb-impl/2.3.0.1/jaxb-impl-2.3.0.1.jar:/Users/anis/.m2/repository-default/org/springframework/security/spring-security-jwt/1.0.9.RELEASE/spring-security-jwt-1.0.9.RELEASE.jar:/Users/anis/.m2/repository-default/org/bouncycastle/bcpkix-jdk15on/1.56/bcpkix-jdk15on-1.56.jar:/Users/anis/.m2/repository-default/org/bouncycastle/bcprov-jdk15on/1.56/bcprov-jdk15on-1.56.jar:/Users/anis/.m2/repository-default/org/springframework/boot/spring-boot-starter-data-jpa/2.1.3.RELEASE/spring-boot-starter-data-jpa-2.1.3.RELEASE.jar:/Users/anis/.m2/repository-default/org/springframework/boot/spring-boot-starter-aop/2.1.3.RELEASE/spring-boot-starter-aop-2.1.3.RELEASE.jar:/Users/anis/.m2/repository-default/org/springframework/spring-aop/5.1.5.RELEASE/spring-aop-5.1.5.RELEASE.jar:/Users/anis/.m2/repository-default/org/aspectj/aspectjweaver/1.9.2/aspectjweaver-1.9.2.jar:/Users/anis/.m2/repository-default/org/springframework/boot/spring-boot-starter-jdbc/2.1.3.RELEASE/spring-boot-starter-jdbc-2.1.3.RELEASE.jar:/Users/anis/.m2/repository-default/com/zaxxer/HikariCP/3.2.0/HikariCP-3.2.0.jar:/Users/anis/.m2/repository-default/org/springframework/spring-jdbc/5.1.5.RELEASE/spring-jdbc-5.1.5.RELEASE.jar:/Users/anis/.m2/repository-default/javax/transaction/javax.transaction-api/1.3/javax.transaction-api-1.3.jar:/Users/anis/.m2/repository-default/org/hibernate/hibernate-core/5.3.7.Final/hibernate-core-5.3.7.Final.jar:/Users/anis/.m2/repository-default/org/jboss/logging/jboss-logging/3.3.2.Final/jboss-logging-3.3.2.Final.jar:/Users/anis/.m2/repository-default/javax/persistence/javax.persistence-api/2.2/javax.persistence-api-2.2.jar:/Users/anis/.m2/repository-default/org/javassist/javassist/3.23.1-GA/javassist-3.23.1-GA.jar:/Users/anis/.m2/repository-default/net/bytebuddy/byte-buddy/1.9.10/byte-buddy-1.9.10.jar:/Users/anis/.m2/repository-default/antlr/antlr/2.7.7/antlr-2.7.7.jar:/Users/anis/.m2/repository-default/org/jboss/jandex/2.0.5.Final/jandex-2.0.5.Final.jar:/Users/anis/.m2/repository-default/com/fasterxml/classmate/1.4.0/classmate-1.4.0.jar:/Users/anis/.m2/repository-default/org/dom4j/dom4j/2.1.1/dom4j-2.1.1.jar:/Users/anis/.m2/repository-default/org/hibernate/common/hibernate-commons-annotations/5.0.4.Final/hibernate-commons-annotations-5.0.4.Final.jar:/Users/anis/.m2/repository-default/org/springframework/data/spring-data-jpa/2.1.5.RELEASE/spring-data-jpa-2.1.5.RELEASE.jar:/Users/anis/.m2/repository-default/org/springframework/data/spring-data-commons/2.1.5.RELEASE/spring-data-commons-2.1.5.RELEASE.jar:/Users/anis/.m2/repository-default/org/springframework/spring-orm/5.1.5.RELEASE/spring-orm-5.1.5.RELEASE.jar:/Users/anis/.m2/repository-default/org/springframework/spring-tx/5.1.5.RELEASE/spring-tx-5.1.5.RELEASE.jar:/Users/anis/.m2/repository-default/org/springframework/spring-aspects/5.1.5.RELEASE/spring-aspects-5.1.5.RELEASE.jar:/Users/anis/.m2/repository-default/org/liquibase/liquibase-core/3.6.3/liquibase-core-3.6.3.jar:/Users/anis/.m2/repository-default/org/yaml/snakeyaml/1.23/snakeyaml-1.23.jar:/Users/anis/.m2/repository-default/com/h2database/h2/1.4.197/h2-1.4.197.jar:/Users/anis/.m2/repository-default/org/springframework/security/spring-security-test/4.2.7.RELEASE/spring-security-test-4.2.7.RELEASE.jar:/Users/anis/.m2/repository-default/org/springframework/security/spring-security-core/5.1.4.RELEASE/spring-security-core-5.1.4.RELEASE.jar:/Users/anis/.m2/repository-default/org/springframework/spring-expression/5.1.5.RELEASE/spring-expression-5.1.5.RELEASE.jar:/Users/anis/.m2/repository-default/org/springframework/security/spring-security-web/5.1.4.RELEASE/spring-security-web-5.1.4.RELEASE.jar:/Users/anis/.m2/repository-default/org/springframework/spring-web/5.1.5.RELEASE/spring-web-5.1.5.RELEASE.jar:/Users/anis/.m2/repository-default/org/springframework/spring-core/5.1.5.RELEASE/spring-core-5.1.5.RELEASE.jar:/Users/anis/.m2/repository-default/org/springframework/spring-jcl/5.1.5.RELEASE/spring-jcl-5.1.5.RELEASE.jar:/Users/anis/.m2/repository-default/org/springframework/spring-test/5.1.5.RELEASE/spring-test-5.1.5.RELEASE.jar:/Users/anis/dev/workspace/easyms-open/easyms-sdk/easyms-test/target/easyms-test-1.0.0-SNAPSHOT.jar:/Users/anis/.m2/repository-default/org/springframework/boot/spring-boot-starter-web/2.1.3.RELEASE/spring-boot-starter-web-2.1.3.RELEASE.jar:/Users/anis/.m2/repository-default/org/springframework/boot/spring-boot-starter-json/2.1.3.RELEASE/spring-boot-starter-json-2.1.3.RELEASE.jar:/Users/anis/.m2/repository-default/com/fasterxml/jackson/datatype/jackson-datatype-jdk8/2.9.8/jackson-datatype-jdk8-2.9.8.jar:/Users/anis/.m2/repository-default/com/fasterxml/jackson/module/jackson-module-parameter-names/2.9.8/jackson-module-parameter-names-2.9.8.jar:/Users/anis/.m2/repository-default/org/springframework/boot/spring-boot-starter-tomcat/2.1.3.RELEASE/spring-boot-starter-tomcat-2.1.3.RELEASE.jar:/Users/anis/.m2/repository-default/org/apache/tomcat/embed/tomcat-embed-core/9.0.16/tomcat-embed-core-9.0.16.jar:/Users/anis/.m2/repository-default/org/apache/tomcat/embed/tomcat-embed-websocket/9.0.16/tomcat-embed-websocket-9.0.16.jar:/Users/anis/.m2/repository-default/org/hibernate/validator/hibernate-validator/6.0.14.Final/hibernate-validator-6.0.14.Final.jar:/Users/anis/.m2/repository-default/javax/validation/validation-api/2.0.1.Final/validation-api-2.0.1.Final.jar:/Users/anis/.m2/repository-default/javax/annotation/javax.annotation-api/1.3.2/javax.annotation-api-1.3.2.jar:/Users/anis/.m2/repository-default/javax/xml/bind/jaxb-api/2.4.0-b180725.0427/jaxb-api-2.4.0-b180725.0427.jar:/Users/anis/.m2/repository-default/javax/activation/javax.activation-api/1.2.0/javax.activation-api-1.2.0.jar:/Users/anis/.m2/repository-default/org/glassfish/jaxb/jaxb-runtime/2.4.0-b180725.0644/jaxb-runtime-2.4.0-b180725.0644.jar:/Users/anis/.m2/repository-default/org/glassfish/jaxb/txw2/2.4.0-b180725.0644/txw2-2.4.0-b180725.0644.jar:/Users/anis/.m2/repository-default/com/sun/istack/istack-commons-runtime/3.0.6/istack-commons-runtime-3.0.6.jar:/Users/anis/.m2/repository-default/org/jvnet/staxex/stax-ex/1.8/stax-ex-1.8.jar:/Users/anis/.m2/repository-default/com/sun/xml/fastinfoset/FastInfoset/1.2.14/FastInfoset-1.2.14.jar:/Users/anis/.m2/repository-default/ch/qos/logback/logback-classic/1.2.3/logback-classic-1.2.3.jar:/Users/anis/.m2/repository-default/ch/qos/logback/logback-core/1.2.3/logback-core-1.2.3.jar:/Users/anis/.m2/repository-default/org/slf4j/jcl-over-slf4j/1.7.25/jcl-over-slf4j-1.7.25.jar:/Users/anis/.m2/repository-default/org/slf4j/log4j-over-slf4j/1.7.25/log4j-over-slf4j-1.7.25.jar:/Users/anis/.m2/repository-default/org/slf4j/slf4j-api/1.7.25/slf4j-api-1.7.25.jar:/Users/anis/.m2/repository-default/com/google/guava/guava/28.0-jre/guava-28.0-jre.jar:/Users/anis/.m2/repository-default/com/google/guava/failureaccess/1.0.1/failureaccess-1.0.1.jar:/Users/anis/.m2/repository-default/com/google/guava/listenablefuture/9999.0-empty-to-avoid-conflict-with-guava/listenablefuture-9999.0-empty-to-avoid-conflict-with-guava.jar:/Users/anis/.m2/repository-default/com/google/code/findbugs/jsr305/3.0.2/jsr305-3.0.2.jar:/Users/anis/.m2/repository-default/org/checkerframework/checker-qual/2.8.1/checker-qual-2.8.1.jar:/Users/anis/.m2/repository-default/com/google/errorprone/error_prone_annotations/2.3.2/error_prone_annotations-2.3.2.jar:/Users/anis/.m2/repository-default/com/google/j2objc/j2objc-annotations/1.3/j2objc-annotations-1.3.jar:/Users/anis/.m2/repository-default/org/codehaus/mojo/animal-sniffer-annotations/1.17/animal-sniffer-annotations-1.17.jar:/Users/anis/.m2/repository-default/javax/inject/javax.inject/1/javax.inject-1.jar:/Users/anis/.m2/repository-default/org/projectlombok/lombok/1.18.6/lombok-1.18.6.jar:/Users/anis/.m2/repository-default/org/apache/commons/commons-lang3/3.8.1/commons-lang3-3.8.1.jar:/Users/anis/.m2/repository-default/org/apache/commons/commons-collections4/4.3/commons-collections4-4.3.jar:/Users/anis/.m2/repository-default/com/google/code/gson/gson/2.8.5/gson-2.8.5.jar:/Users/anis/.m2/repository-default/org/springframework/boot/spring-boot-starter-test/2.1.3.RELEASE/spring-boot-starter-test-2.1.3.RELEASE.jar:/Users/anis/.m2/repository-default/org/springframework/boot/spring-boot-starter/2.1.3.RELEASE/spring-boot-starter-2.1.3.RELEASE.jar:/Users/anis/.m2/repository-default/org/springframework/boot/spring-boot/2.1.3.RELEASE/spring-boot-2.1.3.RELEASE.jar:/Users/anis/.m2/repository-default/org/springframework/boot/spring-boot-autoconfigure/2.1.3.RELEASE/spring-boot-autoconfigure-2.1.3.RELEASE.jar:/Users/anis/.m2/repository-default/org/springframework/boot/spring-boot-starter-logging/2.1.3.RELEASE/spring-boot-starter-logging-2.1.3.RELEASE.jar:/Users/anis/.m2/repository-default/org/apache/logging/log4j/log4j-to-slf4j/2.11.2/log4j-to-slf4j-2.11.2.jar:/Users/anis/.m2/repository-default/org/apache/logging/log4j/log4j-api/2.11.2/log4j-api-2.11.2.jar:/Users/anis/.m2/repository-default/org/slf4j/jul-to-slf4j/1.7.25/jul-to-slf4j-1.7.25.jar:/Users/anis/.m2/repository-default/org/springframework/boot/spring-boot-test/2.1.3.RELEASE/spring-boot-test-2.1.3.RELEASE.jar:/Users/anis/.m2/repository-default/org/springframework/boot/spring-boot-test-autoconfigure/2.1.3.RELEASE/spring-boot-test-autoconfigure-2.1.3.RELEASE.jar:/Users/anis/.m2/repository-default/com/jayway/jsonpath/json-path/2.4.0/json-path-2.4.0.jar:/Users/anis/.m2/repository-default/net/minidev/json-smart/2.3/json-smart-2.3.jar:/Users/anis/.m2/repository-default/net/minidev/accessors-smart/1.2/accessors-smart-1.2.jar:/Users/anis/.m2/repository-default/org/ow2/asm/asm/5.0.4/asm-5.0.4.jar:/Users/anis/.m2/repository-default/org/assertj/assertj-core/3.11.1/assertj-core-3.11.1.jar:/Users/anis/.m2/repository-default/org/mockito/mockito-core/2.23.4/mockito-core-2.23.4.jar:/Users/anis/.m2/repository-default/net/bytebuddy/byte-buddy-agent/1.9.10/byte-buddy-agent-1.9.10.jar:/Users/anis/.m2/repository-default/org/objenesis/objenesis/2.6/objenesis-2.6.jar:/Users/anis/.m2/repository-default/org/hamcrest/hamcrest-core/1.3/hamcrest-core-1.3.jar:/Users/anis/.m2/repository-default/org/hamcrest/hamcrest-library/1.3/hamcrest-library-1.3.jar:/Users/anis/.m2/repository-default/org/skyscreamer/jsonassert/1.5.0/jsonassert-1.5.0.jar:/Users/anis/.m2/repository-default/com/vaadin/external/google/android-json/0.0.20131108.vaadin1/android-json-0.0.20131108.vaadin1.jar:/Users/anis/.m2/repository-default/org/xmlunit/xmlunit-core/2.6.2/xmlunit-core-2.6.2.jar:/Users/anis/.m2/repository-default/org/junit/jupiter/junit-jupiter-engine/5.3.2/junit-jupiter-engine-5.3.2.jar:/Users/anis/.m2/repository-default/org/apiguardian/apiguardian-api/1.0.0/apiguardian-api-1.0.0.jar:/Users/anis/.m2/repository-default/org/junit/platform/junit-platform-engine/1.3.2/junit-platform-engine-1.3.2.jar:/Users/anis/.m2/repository-default/org/junit/platform/junit-platform-commons/1.3.2/junit-platform-commons-1.3.2.jar:/Users/anis/.m2/repository-default/org/opentest4j/opentest4j/1.1.1/opentest4j-1.1.1.jar:/Users/anis/.m2/repository-default/org/junit/jupiter/junit-jupiter-api/5.3.2/junit-jupiter-api-5.3.2.jar:"/>
    <property name="sun.cpu.endian" value="little"/>
    <property name="user.home" value="/Users/anis"/>
    <property name="user.language" value="fr"/>
    <property name="java.specification.vendor" value="Oracle Corporation"/>
    <property name="java.version.date" value="2020-01-14"/>
    <property name="java.home" value="/Library/Java/JavaVirtualMachines/jdk-11.0.6.jdk/Contents/Home"/>
    <property name="file.separator" value="/"/>
    <property name="basedir" value="/Users/anis/dev/workspace/easyms-open/easyms-sdk/easyms-secured-sample-ms"/>
    <property name="java.vm.compressedOopsMode" value="Zero based"/>
    <property name="line.separator" value="&#10;"/>
    <property name="java.specification.name" value="Java Platform API Specification"/>
    <property name="java.vm.specification.vendor" value="Oracle Corporation"/>
    <property name="java.awt.graphicsenv" value="sun.awt.CGraphicsEnvironment"/>
    <property name="surefire.real.class.path" value="/Users/anis/dev/workspace/easyms-open/easyms-sdk/easyms-secured-sample-ms/target/surefire/surefirebooter6620291665289159882.jar"/>
    <property name="sun.management.compiler" value="HotSpot 64-Bit Tiered Compilers"/>
    <property name="ftp.nonProxyHosts" value="local|*.local|169.254/16|*.169.254/16"/>
    <property name="java.runtime.version" value="11.0.6+8-LTS"/>
    <property name="user.name" value="anis"/>
    <property name="path.separator" value=":"/>
    <property name="os.version" value="10.15.2"/>
    <property name="java.runtime.name" value="Java(TM) SE Runtime Environment"/>
    <property name="file.encoding" value="UTF-8"/>
    <property name="java.vm.name" value="Java HotSpot(TM) 64-Bit Server VM"/>
    <property name="java.vendor.version" value="18.9"/>
    <property name="localRepository" value="/Users/anis/.m2/repository-default"/>
    <property name="java.vendor.url.bug" value="http://bugreport.java.com/bugreport/"/>
    <property name="java.io.tmpdir" value="/var/folders/12/zr144wmj00b4qrssbrv7lm8w0000gn/T/"/>
    <property name="java.version" value="11.0.6"/>
    <property name="user.dir" value="/Users/anis/dev/workspace/easyms-open/easyms-sdk/easyms-secured-sample-ms"/>
    <property name="os.arch" value="x86_64"/>
    <property name="java.vm.specification.name" value="Java Virtual Machine Specification"/>
    <property name="java.awt.printerjob" value="sun.lwawt.macosx.CPrinterJob"/>
    <property name="sun.os.patch.level" value="unknown"/>
    <property name="java.library.path" value="/Users/anis/Library/Java/Extensions:/Library/Java/Extensions:/Network/Library/Java/Extensions:/System/Library/Java/Extensions:/usr/lib/java:."/>
    <property name="java.vendor" value="Oracle Corporation"/>
    <property name="java.vm.info" value="mixed mode"/>
    <property name="java.vm.version" value="11.0.6+8-LTS"/>
    <property name="sun.io.unicode.encoding" value="UnicodeBig"/>
    <property name="java.class.version" value="55.0"/>
    <property name="socksNonProxyHosts" value="local|*.local|169.254/16|*.169.254/16"/>
  </properties>
  <testcase name="should_return_forbidden_when_not_permitted" classname="com.easyms.sampleapp.api.ClientResourceTest" time="0.508"/>
  <testcase name="should_return_notfound_when_client_not_exists" classname="com.easyms.sampleapp.api.ClientResourceTest" time="0.123"/>
  <testcase name="should_return_client_when_client_exists" classname="com.easyms.sampleapp.api.ClientResourceTest" time="0.04"/>
</testsuite>